#
# There is insufficient memory for the Java Runtime Environment to continue.
# Native memory allocation (mmap) failed to map 2097152 bytes for Failed to commit area from 0x0000018b4cfb0000 to 0x0000018b4d1b0000 of length 2097152.
# Possible reasons:
#   The system is out of physical RAM or swap space
#   The process is running with CompressedOops enabled, and the Java Heap may be blocking the growth of the native heap
# Possible solutions:
#   Reduce memory load on the system
#   Increase physical memory or swap space
#   Check if swap backing store is full
#   Decrease Java heap size (-Xmx/-Xms)
#   Decrease number of Java threads
#   Decrease Java thread stack sizes (-Xss)
#   Set larger code cache with -XX:ReservedCodeCacheSize=
#   JVM is running with Unscaled Compressed Oops mode in which the Java heap is
#     placed in the first 4GB address space. The Java Heap base address is the
#     maximum limit for the native heap growth. Please use -XX:HeapBaseMinAddress
#     to set the Java Heap base and to place the Java Heap above 4GB virtual address.
# This output file may be truncated or incomplete.
#
#  Out of Memory Error (./open/src/hotspot/os/windows/os_windows.cpp:3315), pid=9444, tid=7660
#
# JRE version:  (14.0.2+12) (build )
# Java VM: OpenJDK 64-Bit Server VM (14.0.2+12-46, mixed mode, sharing, tiered, compressed oops, g1 gc, windows-amd64)
# No core dump will be written. Minidumps are not enabled by default on client versions of Windows
#

---------------  S U M M A R Y ------------

Command Line: -Dfile.encoding=UTF-8 -XX:+ShowCodeDetailsInExceptionMessages giaovukhoa.GiaoDien_QuanLyLuanVan

Host: Intel(R) Core(TM) i5-7200U CPU @ 2.50GHz, 4 cores, 7G,  Windows 10 , 64 bit Build 17134 (10.0.17134.1425)
Time: Wed Nov 11 17:17:54 2020 SE Asia Standard Time elapsed time: 0 seconds (0d 0h 0m 0s)

---------------  T H R E A D  ---------------

Current thread (0x0000018b396ec800):  JavaThread "Unknown thread" [_thread_in_vm, id=7660, stack(0x0000002dc3d00000,0x0000002dc3e00000)]

Stack: [0x0000002dc3d00000,0x0000002dc3e00000]
Native frames: (J=compiled Java code, j=interpreted, Vv=VM code, C=native code)
V  [jvm.dll+0x5f8a9a]
V  [jvm.dll+0x74247a]
V  [jvm.dll+0x743c2f]
V  [jvm.dll+0x744273]
V  [jvm.dll+0x20d288]
V  [jvm.dll+0x5f5dea]
V  [jvm.dll+0x5eac45]
V  [jvm.dll+0x2c7e9c]
V  [jvm.dll+0x2c7cd2]
V  [jvm.dll+0x2cdbbc]
V  [jvm.dll+0x313ffb]
V  [jvm.dll+0x313710]
V  [jvm.dll+0x2a092a]
V  [jvm.dll+0x2a1a79]
V  [jvm.dll+0x71fd48]
V  [jvm.dll+0x321c14]
V  [jvm.dll+0x70112c]
V  [jvm.dll+0x392def]
V  [jvm.dll+0x394e61]
C  [jli.dll+0x524b]
C  [ucrtbase.dll+0x1e3fe]
C  [KERNEL32.DLL+0x14034]
C  [ntdll.dll+0x73691]


---------------  P R O C E S S  ---------------

Threads class SMR info:
_java_thread_list=0x00007ffa9ef23038, length=0, elements={
}

Java Threads: ( => current thread )

Other Threads:
  0x0000018b3972e800 GCTaskThread "GC Thread#0" [stack: 0x0000002dc3e00000,0x0000002dc3f00000] [id=4084]
  0x0000018b39740000 ConcurrentGCThread "G1 Main Marker" [stack: 0x0000002dc3f00000,0x0000002dc4000000] [id=6612]
  0x0000018b39742800 ConcurrentGCThread "G1 Conc#0" [stack: 0x0000002dc4000000,0x0000002dc4100000] [id=10708]

[error occurred during error reporting (printing all threads), id 0xc0000005, EXCEPTION_ACCESS_VIOLATION (0xc0000005) at pc=0x00007ffa9e751257]

VM state:not at safepoint (not fully initialized)

VM Mutex/Monitor currently owned by a thread:  ([mutex/lock_event])
[0x0000018b396e9ef0] Heap_lock - owner thread: 0x0000018b396ec800

Heap address: 0x0000000081800000, size: 2024 MB, Compressed Oops mode: 32-bit
Narrow klass base: 0x0000000000000000, Narrow klass shift: 0

GC Heap History (0 events):
No events

Deoptimization events (0 events):
No events

Classes unloaded (0 events):
No events

Classes redefined (0 events):
No events

Internal exceptions (0 events):
No events

Events (2 events):
Event: 0.008 Loaded shared library C:\Users\admin\.p2\pool\plugins\org.eclipse.justj.openjdk.hotspot.jre.full.win32.x86_64_14.0.2.v20200815-0932\jre\bin\java.dll
Event: 0.012 Loaded shared library C:\Users\admin\.p2\pool\plugins\org.eclipse.justj.openjdk.hotspot.jre.full.win32.x86_64_14.0.2.v20200815-0932\jre\bin\zip.dll


Dynamic libraries:
0x00007ff7eb440000 - 0x00007ff7eb44d000 	C:\Users\admin\.p2\pool\plugins\org.eclipse.justj.openjdk.hotspot.jre.full.win32.x86_64_14.0.2.v20200815-0932\jre\bin\javaw.exe
0x00007ffaeb1d0000 - 0x00007ffaeb3b1000 	C:\WINDOWS\SYSTEM32\ntdll.dll
0x00007ffaea380000 - 0x00007ffaea431000 	C:\WINDOWS\System32\KERNEL32.DLL
0x00007ffae7c40000 - 0x00007ffae7eb3000 	C:\WINDOWS\System32\KERNELBASE.dll
0x00007ffae7950000 - 0x00007ffae7a48000 	C:\WINDOWS\System32\ucrtbase.dll
0x00007ffac0ae0000 - 0x00007ffac0af8000 	C:\Users\admin\.p2\pool\plugins\org.eclipse.justj.openjdk.hotspot.jre.full.win32.x86_64_14.0.2.v20200815-0932\jre\bin\jli.dll
0x00007ffae9de0000 - 0x00007ffae9f71000 	C:\WINDOWS\System32\USER32.dll
0x00007ffae76c0000 - 0x00007ffae76e0000 	C:\WINDOWS\System32\win32u.dll
0x00007ffae9bd0000 - 0x00007ffae9bf8000 	C:\WINDOWS\System32\GDI32.dll
0x00007ffae77b0000 - 0x00007ffae7943000 	C:\WINDOWS\System32\gdi32full.dll
0x00007ffae7620000 - 0x00007ffae76bf000 	C:\WINDOWS\System32\msvcp_win.dll
0x00007ffabf190000 - 0x00007ffabf1a5000 	C:\Users\admin\.p2\pool\plugins\org.eclipse.justj.openjdk.hotspot.jre.full.win32.x86_64_14.0.2.v20200815-0932\jre\bin\VCRUNTIME140.dll
0x00007ffad8540000 - 0x00007ffad87a9000 	C:\WINDOWS\WinSxS\amd64_microsoft.windows.common-controls_6595b64144ccf1df_6.0.17134.1792_none_d40515b57c8b8c01\COMCTL32.dll
0x00007ffae9d40000 - 0x00007ffae9dde000 	C:\WINDOWS\System32\msvcrt.dll
0x00007ffae9fe0000 - 0x00007ffaea301000 	C:\WINDOWS\System32\combase.dll
0x00007ffaea5e0000 - 0x00007ffaea704000 	C:\WINDOWS\System32\RPCRT4.dll
0x00007ffae7730000 - 0x00007ffae77a9000 	C:\WINDOWS\System32\bcryptPrimitives.dll
0x00007ffaea890000 - 0x00007ffaea8bd000 	C:\WINDOWS\System32\IMM32.DLL
0x00007ffaba930000 - 0x00007ffaba9cb000 	C:\Users\admin\.p2\pool\plugins\org.eclipse.justj.openjdk.hotspot.jre.full.win32.x86_64_14.0.2.v20200815-0932\jre\bin\msvcp140.dll
0x00007ffa9e4a0000 - 0x00007ffa9efbe000 	C:\Users\admin\.p2\pool\plugins\org.eclipse.justj.openjdk.hotspot.jre.full.win32.x86_64_14.0.2.v20200815-0932\jre\bin\server\jvm.dll
0x00007ffaead10000 - 0x00007ffaeadb1000 	C:\WINDOWS\System32\ADVAPI32.dll
0x00007ffae9f80000 - 0x00007ffae9fdb000 	C:\WINDOWS\System32\sechost.dll
0x00007ffaeb0a0000 - 0x00007ffaeb0a8000 	C:\WINDOWS\System32\PSAPI.DLL
0x00007ffad60b0000 - 0x00007ffad60b9000 	C:\WINDOWS\SYSTEM32\WSOCK32.dll
0x00007ffaea310000 - 0x00007ffaea37c000 	C:\WINDOWS\System32\WS2_32.dll
0x00007ffadf720000 - 0x00007ffadf743000 	C:\WINDOWS\SYSTEM32\WINMM.dll
0x00007ffae1db0000 - 0x00007ffae1dba000 	C:\WINDOWS\SYSTEM32\VERSION.dll
0x00007ffadf6b0000 - 0x00007ffadf6da000 	C:\WINDOWS\SYSTEM32\WINMMBASE.dll
0x00007ffae76e0000 - 0x00007ffae7729000 	C:\WINDOWS\System32\cfgmgr32.dll
0x00007ffae74b0000 - 0x00007ffae74c1000 	C:\WINDOWS\System32\kernel.appcore.dll
0x00007ffab94b0000 - 0x00007ffab94ba000 	C:\Users\admin\.p2\pool\plugins\org.eclipse.justj.openjdk.hotspot.jre.full.win32.x86_64_14.0.2.v20200815-0932\jre\bin\jimage.dll
0x00007ffae5ed0000 - 0x00007ffae6099000 	C:\WINDOWS\SYSTEM32\DBGHELP.DLL
0x00007ffad5840000 - 0x00007ffad5869000 	C:\WINDOWS\SYSTEM32\dbgcore.DLL
0x00007ffab64a0000 - 0x00007ffab64c5000 	C:\Users\admin\.p2\pool\plugins\org.eclipse.justj.openjdk.hotspot.jre.full.win32.x86_64_14.0.2.v20200815-0932\jre\bin\java.dll
0x00007ffab6a40000 - 0x00007ffab6a56000 	C:\Users\admin\.p2\pool\plugins\org.eclipse.justj.openjdk.hotspot.jre.full.win32.x86_64_14.0.2.v20200815-0932\jre\bin\zip.dll

dbghelp: loaded successfully - version: 4.0.5 - missing functions: none
symbol engine: initialized successfully - sym options: 0x614 - pdb path: .;C:\Users\admin\.p2\pool\plugins\org.eclipse.justj.openjdk.hotspot.jre.full.win32.x86_64_14.0.2.v20200815-0932\jre\bin;C:\WINDOWS\SYSTEM32;C:\WINDOWS\WinSxS\amd64_microsoft.windows.common-controls_6595b64144ccf1df_6.0.17134.1792_none_d40515b57c8b8c01;C:\Users\admin\.p2\pool\plugins\org.eclipse.justj.openjdk.hotspot.jre.full.win32.x86_64_14.0.2.v20200815-0932\jre\bin\server

VM Arguments:
jvm_args: -Dfile.encoding=UTF-8 -XX:+ShowCodeDetailsInExceptionMessages 
java_command: giaovukhoa.GiaoDien_QuanLyLuanVan
java_class_path (initial): C:\Users\admin\git\TestJavaProject\bin;C:\Users\admin\git\TestJavaProject\jgoodies-forms-1.8.0.jar;C:\Users\admin\git\TestJavaProject\miglayout15-swing.jar;C:\Users\admin\git\TestJavaProject\sqljdbc6-4.2.jar;C:\Users\admin\git\TestJavaProject\lib\txw2-2.3.1.jar;C:\Users\admin\git\TestJavaProject\lib\stax-ex-1.8.jar;C:\Users\admin\git\TestJavaProject\lib\mssql-jdbc-8.4.1.jre8.jar;C:\Users\admin\git\TestJavaProject\lib\jboss-transaction-api_1.2_spec-1.1.1.Final.jar;C:\Users\admin\git\TestJavaProject\lib\jboss-logging-3.3.2.Final.jar;C:\Users\admin\git\TestJavaProject\lib\jaxb-api-2.3.1.jar;C:\Users\admin\git\TestJavaProject\lib\istack-commons-runtime-3.0.7.jar;C:\Users\admin\git\TestJavaProject\lib\FastInfoset-1.2.15.jar;C:\Users\admin\git\TestJavaProject\lib\javax.activation-api-1.2.0.jar;C:\Users\admin\git\TestJavaProject\lib\jaxb-runtime-2.3.1.jar;C:\Users\admin\git\TestJavaProject\lib\javax.persistence-api-2.2.jar;C:\Users\admin\git\TestJavaProject\lib\javassist-3.24.0-GA.jar;C:\Users\admin\git\TestJavaProject\lib\jandex-2.1.3.Final.jar;C:\Users\admin\git\TestJavaProject\lib\hibernate-core-5.4.22.Final.jar;C:\Users\admin\git\TestJavaProject\lib\hibernate-commons-annotations-5.1.0.Final.jar;C:\Users\admin\git\TestJavaProject\lib\dom4j-2.1.3.jar;C:\Users\admin\git\TestJavaProject\lib\classmate-1.5.1.jar;C:\Users\admin\git\TestJavaProject\lib\byte-buddy-1.10.10.jar;C:\Users\admin\git\TestJavaProject\lib\antlr-2.7.7.jar
Launcher Type: SUN_STANDARD

[Global flags]
     intx CICompilerCount                          = 3                                         {product} {ergonomic}
     uint ConcGCThreads                            = 1                                         {product} {ergonomic}
     uint G1ConcRefinementThreads                  = 4                                         {product} {ergonomic}
   size_t G1HeapRegionSize                         = 1048576                                   {product} {ergonomic}
    uintx GCDrainStackTargetSize                   = 64                                        {product} {ergonomic}
   size_t InitialHeapSize                          = 134217728                                 {product} {ergonomic}
   size_t MarkStackSize                            = 4194304                                   {product} {ergonomic}
   size_t MaxHeapSize                              = 2122317824                                {product} {ergonomic}
   size_t MinHeapDeltaBytes                        = 1048576                                   {product} {ergonomic}
   size_t MinHeapSize                              = 8388608                                   {product} {ergonomic}
    uintx NonNMethodCodeHeapSize                   = 5832780                                {pd product} {ergonomic}
    uintx NonProfiledCodeHeapSize                  = 122912730                              {pd product} {ergonomic}
    uintx ProfiledCodeHeapSize                     = 122912730                              {pd product} {ergonomic}
    uintx ReservedCodeCacheSize                    = 251658240                              {pd product} {ergonomic}
     bool SegmentedCodeCache                       = true                                      {product} {ergonomic}
     bool ShowCodeDetailsInExceptionMessages       = true                                   {manageable} {command line}
   size_t SoftMaxHeapSize                          = 2122317824                             {manageable} {ergonomic}
     bool UseCompressedClassPointers               = true                                 {lp64_product} {ergonomic}
     bool UseCompressedOops                        = true                                 {lp64_product} {ergonomic}
     bool UseG1GC                                  = true                                      {product} {ergonomic}
     bool UseLargePagesIndividualAllocation        = false                                  {pd product} {ergonomic}

Logging:
Log output configuration:
 #0: stdout all=warning uptime,level,tags
 #1: stderr all=off uptime,level,tags

Environment Variables:
PATH=C:/Users/admin/.p2/pool/plugins/org.eclipse.justj.openjdk.hotspot.jre.full.win32.x86_64_14.0.2.v20200815-0932/jre/bin/server;C:/Users/admin/.p2/pool/plugins/org.eclipse.justj.openjdk.hotspot.jre.full.win32.x86_64_14.0.2.v20200815-0932/jre/bin;C:\Program Files\Java\jdk-13.0.2;C:\ProgramData\Oracle\Java\javapath;C:\WINDOWS\system32;C:\WINDOWS;C:\WINDOWS\System32\Wbem;C:\WINDOWS\System32\WindowsPowerShell\v1.0\;C:\WINDOWS\System32\OpenSSH\;C:\Program Files\dotnet\;C:\Program Files\Microsoft SQL Server\Client SDK\ODBC\130\Tools\Binn\;C:\Program Files\Microsoft SQL Server\Client SDK\ODBC\170\Tools\Binn\;C:\Program Files\Microsoft SQL Server\Client SDK\ODBC\110\Tools\Binn\;C:\Program Files\Microsoft SQL Server\120\DTS\Binn\;C:\Program Files (x86)\Microsoft SQL Server\120\Tools\Binn\;C:\Program Files\Microsoft SQL Server\120\Tools\Binn\;C:\Program Files (x86)\Microsoft SQL Server\120\Tools\Binn\ManagementStudio\;C:\Program Files (x86)\Microsoft SQL Server\120\DTS\Binn\;C:\Windows\System32;C:\Program Files\Java\jdk-13.0.2\bin\;C:\Program Files\MongoDB\Server\4.4\bin;C:\Users\admin\AppData\Local\Microsoft\WindowsApps;C:\Users\admin\AppData\Roaming\npm;C:\Users\admin\Desktop;
USERNAME=admin
OS=Windows_NT
PROCESSOR_IDENTIFIER=Intel64 Family 6 Model 142 Stepping 9, GenuineIntel



---------------  S Y S T E M  ---------------

OS: Windows 10 , 64 bit Build 17134 (10.0.17134.1425)
OS uptime: 0 days 2:05 hours

CPU:total 4 (initial active 4) (2 cores per cpu, 2 threads per core) family 6 model 142 stepping 9, cmov, cx8, fxsr, mmx, sse, sse2, sse3, ssse3, sse4.1, sse4.2, popcnt, avx, avx2, aes, clmul, erms, 3dnowpref, lzcnt, ht, tsc, tscinvbit, bmi1, bmi2, adx, fma

Memory: 4k page, system-wide physical 8090M (940M free)
TotalPageFile size 8090M (AvailPageFile size 4M)
current process WorkingSet (physical memory assigned to process): 10M, peak: 10M
current process commit charge ("private bytes"): 180M, peak: 182M

vm_info: OpenJDK 64-Bit Server VM (14.0.2+12-46) for windows-amd64 JRE (14.0.2+12-46), built on Jul  9 2020 00:31:16 by "mach5one" with MS VC++ 15.9 (VS2017)

END.
